<?xml version="1.0" encoding="UTF-8"?>
<!-- Generated by org.testng.reporters.JUnitXMLReporter -->
<testsuite ignored="0" hostname="Admins-MacBook-Pro.local" failures="0" tests="2" name="Run on FIREFOX" time="0.431" errors="0" timestamp="05 Aug 2023 02:16:47 GMT">
  <testcase classname="com.nopcommerce.user.Level_20_1_Manager_Data_Json" name="@BeforeClass beforeClass" time="0.417">
    <failure type="org.openqa.selenium.WebDriverException" message="java.io.FileNotFoundException: /Users/phuongtran/Documents/2.Selenium/4.Maven-Hybrid-Framework/browserLogs/FirefoxLog.log (No such file or directory)
Build info: version: &amp;apos;3.141.59&amp;apos;, revision: &amp;apos;e82be7d358&amp;apos;, time: &amp;apos;2018-11-14T08:17:03&amp;apos;
System info: host: &amp;apos;Admins-MacBook-Pro.local&amp;apos;, ip: &amp;apos;fe80:0:0:0:4d5:e5ab:cffb:5535%en0&amp;apos;, os.name: &amp;apos;Mac OS X&amp;apos;, os.arch: &amp;apos;aarch64&amp;apos;, os.version: &amp;apos;11.6.8&amp;apos;, java.version: &amp;apos;11.0.16&amp;apos;
Driver info: driver.version: FirefoxDriver">
      <![CDATA[org.openqa.selenium.WebDriverException: java.io.FileNotFoundException: /Users/phuongtran/Documents/2.Selenium/4.Maven-Hybrid-Framework/browserLogs/FirefoxLog.log (No such file or directory)
Build info: version: '3.141.59', revision: 'e82be7d358', time: '2018-11-14T08:17:03'
System info: host: 'Admins-MacBook-Pro.local', ip: 'fe80:0:0:0:4d5:e5ab:cffb:5535%en0', os.name: 'Mac OS X', os.arch: 'aarch64', os.version: '11.6.8', java.version: '11.0.16'
Driver info: driver.version: FirefoxDriver
at org.openqa.selenium.firefox.GeckoDriverService$Builder.createDriverService(GeckoDriverService.java:212)
at org.openqa.selenium.firefox.GeckoDriverService$Builder.createDriverService(GeckoDriverService.java:114)
at org.openqa.selenium.remote.service.DriverService$Builder.build(DriverService.java:360)
at org.openqa.selenium.firefox.FirefoxDriver.toExecutor(FirefoxDriver.java:190)
at org.openqa.selenium.firefox.FirefoxDriver.<init>(FirefoxDriver.java:147)
at commons.BaseTest.getBrowserDriver(BaseTest.java:53)
at com.nopcommerce.user.Level_20_1_Manager_Data_Json.beforeClass(Level_20_1_Manager_Data_Json.java:28)
Caused by: java.io.FileNotFoundException: /Users/phuongtran/Documents/2.Selenium/4.Maven-Hybrid-Framework/browserLogs/FirefoxLog.log (No such file or directory)
at java.base/java.io.FileOutputStream.open0(Native Method)
at java.base/java.io.FileOutputStream.open(FileOutputStream.java:298)
at java.base/java.io.FileOutputStream.<init>(FileOutputStream.java:237)
at java.base/java.io.FileOutputStream.<init>(FileOutputStream.java:126)
at org.openqa.selenium.firefox.GeckoDriverService$Builder.createDriverService(GeckoDriverService.java:200)
... 32 more
... Removed 26 stack frames]]>
    </failure>
  </testcase> <!-- @BeforeClass beforeClass -->
  <testcase classname="com.nopcommerce.user.Level_20_1_Manager_Data_Json" name="@AfterClass afterClass" time="0.001">
    <failure type="java.lang.NullPointerException">
      <![CDATA[java.lang.NullPointerException
at java.base/java.lang.Runtime.exec(Runtime.java:406)
at java.base/java.lang.Runtime.exec(Runtime.java:310)
at commons.BaseTest.closeBrowserDriver(BaseTest.java:227)
at com.nopcommerce.user.Level_20_1_Manager_Data_Json.afterClass(Level_20_1_Manager_Data_Json.java:93)
... Removed 26 stack frames]]>
    </failure>
  </testcase> <!-- @AfterClass afterClass -->
  <testcase classname="com.nopcommerce.user.Level_20_1_Manager_Data_Json" name="User_01_Register" time="0.0">
    <skipped/>
  </testcase> <!-- User_01_Register -->
  <testcase classname="com.nopcommerce.user.Level_20_1_Manager_Data_Json" name="User_02_Login" time="0.0">
    <skipped/>
  </testcase> <!-- User_02_Login -->
</testsuite> <!-- Run on FIREFOX -->
