<?xml version="1.0" encoding="UTF-8"?>
<!-- Generated by org.testng.reporters.JUnitXMLReporter -->
<testsuite ignored="0" hostname="Admins-MacBook-Pro.local" failures="0" tests="2" name="Run on CHROME" time="25.569" errors="0" timestamp="05 Aug 2023 02:19:36 GMT">
  <testcase classname="com.nopcommerce.user.Level_20_1_Manager_Data_Json" name="@AfterClass afterClass" time="0.0">
    <failure type="java.lang.NullPointerException">
      <![CDATA[java.lang.NullPointerException
at java.base/java.lang.Runtime.exec(Runtime.java:406)
at java.base/java.lang.Runtime.exec(Runtime.java:310)
at commons.BaseTest.closeBrowserDriver(BaseTest.java:227)
at com.nopcommerce.user.Level_20_1_Manager_Data_Json.afterClass(Level_20_1_Manager_Data_Json.java:93)
... Removed 26 stack frames]]>
    </failure>
  </testcase> <!-- @AfterClass afterClass -->
  <testcase classname="com.nopcommerce.user.Level_20_1_Manager_Data_Json" name="User_01_Register" time="8.76"/>
  <testcase classname="com.nopcommerce.user.Level_20_1_Manager_Data_Json" name="User_02_Login" time="3.83"/>
</testsuite> <!-- Run on CHROME -->
